<?xml version="1.0" encoding="UTF-8"?>
<!-- Generated by org.testng.reporters.JUnitReportReporter -->
<testsuite hostname="TechMs-MacBook-Pro.local" failures="0" tests="1" name="Tests.Tests" time="0.491" errors="0" timestamp="2022-03-12T20:36:55 PST" skipped="0">
  <testcase classname="Tests.Tests" name="iFrame" time="0.491"/>
  <system-out/>
</testsuite> <!-- Tests.Tests -->
