<?xml version="1.0" encoding="UTF-8"?>
<!-- Generated by org.testng.reporters.JUnitReportReporter -->
<testsuite hostname="TechMs-MacBook-Pro.local" failures="0" tests="1" name="Tests.Tests" time="0.960" errors="0" timestamp="2022-03-13T16:46:21 PDT" skipped="0">
  <testcase classname="Tests.Tests" name="suggestionClass" time="0.960"/>
  <system-out/>
</testsuite> <!-- Tests.Tests -->
